<?xml version="1.0" encoding="UTF-8"?>
<testng-results ignored="0" total="1" passed="1" failed="0" skipped="0">
  <reporter-output>
  </reporter-output>
  <suite started-at="2022-05-07T19:46:16 IST" name="Default suite" finished-at="2022-05-07T19:46:16 IST" duration-ms="111">
    <groups>
    </groups>
    <test started-at="2022-05-07T19:46:16 IST" name="Default test" finished-at="2022-05-07T19:46:16 IST" duration-ms="111">
      <class name="CreateContactNew">
        <test-method signature="createContact()[pri:0, instance:CreateContactNew@625732]" started-at="2022-05-07T19:46:16 IST" name="createContact" finished-at="2022-05-07T19:46:16 IST" duration-ms="19" status="PASS">
          <reporter-output>
          </reporter-output>
        </test-method> <!-- createContact -->
      </class> <!-- CreateContactNew -->
    </test> <!-- Default test -->
  </suite> <!-- Default suite -->
</testng-results>
