<?xml version="1.0" encoding="UTF-8"?>
<testng-results ignored="0" total="1" passed="1" failed="0" skipped="0">
  <reporter-output>
  </reporter-output>
  <suite started-at="2022-05-07T19:51:53 IST" name="Default suite" finished-at="2022-05-07T19:51:53 IST" duration-ms="80">
    <groups>
    </groups>
    <test started-at="2022-05-07T19:51:53 IST" name="Default test" finished-at="2022-05-07T19:51:53 IST" duration-ms="80">
      <class name="JenkinsTracker">
        <test-method signature="trackJenkins()[pri:0, instance:JenkinsTracker@625732]" started-at="2022-05-07T19:51:53 IST" name="trackJenkins" finished-at="2022-05-07T19:51:53 IST" duration-ms="15" status="PASS">
          <reporter-output>
          </reporter-output>
        </test-method> <!-- trackJenkins -->
      </class> <!-- JenkinsTracker -->
    </test> <!-- Default test -->
  </suite> <!-- Default suite -->
</testng-results>
